{"numTotalTestSuites":438,"numPassedTestSuites":437,"numFailedTestSuites":1,"numPendingTestSuites":0,"numTotalTests":1903,"numPassedTests":1898,"numFailedTests":0,"numPendingTests":5,"numTodoTests":0,"snapshot":{"added":0,"failure":false,"filesAdded":0,"filesRemoved":0,"filesRemovedList":[],"filesUnmatched":0,"filesUpdated":0,"matched":0,"total":0,"unchecked":0,"uncheckedKeysByFile":[],"unmatched":0,"updated":0,"didUpdate":false},"startTime":1789997525479,"success":false,"testResults":[{"assertionResults":[{"ancestorTitles":["SQLite storage foundation"],"fullName":"SQLite storage foundation creates the unified schema and applies required pragmas","status":"passed","title":"creates the unified schema and applies required pragmas","duration":23.437334999999848,"failureMessages":[],"meta":{},"tags":[]},{"ancestorTitles":["SQLite storage foundation"],"fullName":"SQLite storage foundation rolls back a transaction when a write throws","status":"passed","title":"rolls back a transaction when a write throws","duration":18.158081999999922,"failureMessages":[],"meta":{},"tags":[]},{"ancestorTitles":["SQLite storage foundation"],"fullName":"SQLite storage foundation records a checksum for every applied migration without reapplying them","status":"passed","title":"records a checksum for every applied migration without reapplying them","duration":16.21481300000005,"failureMessages":[],"meta":{},"tags":[]},{"ancestorTitles":["SQLite storage foundation"],"fullName":"SQLite storage foundation rejects root and unsafe database paths before creating a directory","status":"passed","title":"rejects root and unsafe database paths before creating a directory","duration":0.6529629999999997,"failureMessages":[],"meta":{},"tags":[]},{"ancestorTitles":["SQLite storage foundation"],"fullName":"SQLite storage foundation uses a project-local database by default outside production","status":"passed","title":"uses a project-local database by default outside production","duration":15.939515999999912,"failureMessages":[],"meta":{},"tags":[]},{"ancestorTitles":["SQLite storage foundation"],"fullName":"SQLite storage foundation reopens a usable connection after a cached connection is closed","status":"passed","title":"reopens a usable connection after a cached connection is closed","duration":18.197901,"failureMessages":[],"meta":{},"tags":[]},{"ancestorTitles":["SQLite storage foundation"],"fullName":"SQLite storage foundation upgrades the master migration history without losing stored data","status":"passed","title":"upgrades the master migration history without losing stored data","duration":53.392204999999876,"failureMessages":[],"meta":{},"tags":[]},{"ancestorTitles":["SQLite storage foundation"],"fullName":"SQLite storage foundation upgrades the feature migration history without losing stored data","status":"passed","title":"upgrades the feature migration history without losing stored data","duration":52.66787700000009,"failureMessages":[],"meta":{},"tags":[]},{"ancestorTitles":["SQLite storage foundation"],"fullName":"SQLite storage foundation rejects a changed checksum for an already-applied migration","status":"passed","title":"rejects a changed checksum for an already-applied migration","duration":14.619420999999875,"failureMessages":[],"meta":{},"tags":[]}],"startTime":1789997627150,"endTime":1789997627363.6194,"status":"passed","message":"","name":"/Users/zhoulin/.codex/worktrees/ccc5/TradeReview/db/sqlite.test.ts"},{"assertionResults":[{"ancestorTitles":["deployment templates"],"fullName":"deployment templates provide the repository deployment contract","status":"passed","title":"provide the repository deployment contract","duration":7.064048999999613,"failureMessages":[],"meta":{},"tags":[]},{"ancestorTitles":["SQLite operations"],"fullName":"SQLite operations terminates target-side operational commands at their configured timeout","status":"passed","title":"terminates target-side operational commands at their configured timeout","duration":250.87158,"failureMessages":[],"meta":{},"tags":[]},{"ancestorTitles":["SQLite operations"],"fullName":"SQLite operations kills command descendants that survive the timeout signal","status":"passed","title":"kills command descendants that survive the timeout signal","duration":1952.7133590000003,"failureMessages":[],"meta":{},"tags":[]},{"ancestorTitles":["SQLite operations"],"fullName":"SQLite operations rejects a corrupt SQLite snapshot without publishing backup artifacts","status":"passed","title":"rejects a corrupt SQLite snapshot without publishing backup artifacts","duration":2622.2259679999997,"failureMessages":[],"meta":{},"tags":[]},{"ancestorTitles":["SQLite operations"],"fullName":"SQLite operations publishes a checked backup and applies config retention only to safe backup pairs","status":"passed","title":"publishes a checked backup and applies config retention only to safe backup pairs","duration":2770.6950339999994,"failureMessages":[],"meta":{},"tags":[]},{"ancestorTitles":["SQLite operations"],"fullName":"SQLite operations failed restore keeps the original database and returns the app to health","status":"passed","title":"failed restore keeps the original database and returns the app to health","duration":4187.292169999999,"failureMessages":[],"meta":{},"tags":[]},{"ancestorTitles":["SQLite operations"],"fullName":"SQLite operations restores a checked database through an atomic swap and returns healthy","status":"passed","title":"restores a checked database through an atomic swap and returns healthy","duration":8821.426528999998,"failureMessages":[],"meta":{},"tags":[]},{"ancestorTitles":["SQLite operations"],"fullName":"SQLite operations health failure after a restore swap rolls back the database and restarts the original app","status":"passed","title":"health failure after a restore swap rolls back the database and restarts the original app","duration":11962.302516000003,"failureMessages":[],"meta":{},"tags":[]},{"ancestorTitles":["SQLite operations"],"fullName":"SQLite operations provide safe, consistent SQLite operational scripts","status":"passed","title":"provide safe, consistent SQLite operational scripts","duration":7.399615999995149,"failureMessages":[],"meta":{},"tags":[]},{"ancestorTitles":["SQLite operations"],"fullName":"SQLite operations dispatches each operational mode to its target-side script","status":"passed","title":"dispatches each operational mode to its target-side script","duration":9.29564599999867,"failureMessages":[],"meta":{},"tags":[]},{"ancestorTitles":["SQLite operations"],"fullName":"SQLite operations includes the SQLite CLI in the Compose runtime image","status":"passed","title":"includes the SQLite CLI in the Compose runtime image","duration":0.7962790000019595,"failureMessages":[],"meta":{},"tags":[]},{"ancestorTitles":["SQLite operations"],"fullName":"SQLite operations uses a reachable configurable Debian mirror for the runtime package install","status":"passed","title":"uses a reachable configurable Debian mirror for the runtime package install","duration":0.6986200000028475,"failureMessages":[],"meta":{},"tags":[]},{"ancestorTitles":["SQLite operations"],"fullName":"SQLite operations reports a missing SQLite directory instead of failing status","status":"passed","title":"reports a missing SQLite directory instead of failing status","duration":1372.8426659999968,"failureMessages":[],"meta":{},"tags":[]},{"ancestorTitles":["SQLite operations"],"fullName":"SQLite operations reports SQLite schema, migration, and business record counts","status":"passed","title":"reports SQLite schema, migration, and business record counts","duration":6163.388235999999,"failureMessages":[],"meta":{},"tags":[]},{"ancestorTitles":["SQLite operations"],"fullName":"SQLite operations rejects unsafe restore inputs before touching the database","status":"passed","title":"rejects unsafe restore inputs before touching the database","duration":601.6465590000007,"failureMessages":[],"meta":{},"tags":[]},{"ancestorTitles":["SQLite operations"],"fullName":"SQLite operations rejects mismatched and unsafe checksum sidecars before restore","status":"passed","title":"rejects mismatched and unsafe checksum sidecars before restore","duration":587.1568670000051,"failureMessages":[],"meta":{},"tags":[]},{"ancestorTitles":["deployment path planning"],"fullName":"deployment path planning uses the documented deployment root by default","status":"passed","title":"uses the documented deployment root by default","duration":0.8216400000019348,"failureMessages":[],"meta":{},"tags":[]},{"ancestorTitles":["deployment path planning"],"fullName":"deployment path planning maps a deployment root to isolated runtime paths","status":"passed","title":"maps a deployment root to isolated runtime paths","duration":0.6534040000042296,"failureMessages":[],"meta":{},"tags":[]},{"ancestorTitles":["deployment path planning"],"fullName":"deployment path planning rejects equal and nested source/target paths","status":"passed","title":"rejects equal and nested source/target paths","duration":4.703687000001082,"failureMessages":[],"meta":{},"tags":[]},{"ancestorTitles":["deployment path planning"],"fullName":"deployment path planning rejects the filesystem root as a mutating deployment target","status":"passed","title":"rejects the filesystem root as a mutating deployment target","duration":1.8256949999995413,"failureMessages":[],"meta":{},"tags":[]},{"ancestorTitles":["deployment path planning"],"fullName":"deployment path planning rejects deploy-down at the filesystem root before Compose runs","status":"passed","title":"rejects deploy-down at the filesystem root before Compose runs","duration":1.3859680000023218,"failureMessages":[],"meta":{},"tags":[]},{"ancestorTitles":["deployment path planning"],"fullName":"deployment path planning CLI options preserve and reject a relative deployment target before Compose runs","status":"passed","title":"CLI options preserve and reject a relative deployment target before Compose runs","duration":3.5132359999988694,"failureMessages":[],"meta":{},"tags":[]},{"ancestorTitles":["deployment path planning"],"fullName":"deployment path planning deployment CLI rejects a relative target before Docker is invoked","status":"passed","title":"deployment CLI rejects a relative target before Docker is invoked","duration":321.1905020000049,"failureMessages":[],"meta":{},"tags":[]},{"ancestorTitles":["deployment path planning"],"fullName":"deployment path planning rejects symlink and non-directory mutating targets","status":"passed","title":"rejects symlink and non-directory mutating targets","duration":8.094804000000295,"failureMessages":[],"meta":{},"tags":[]},{"ancestorTitles":["deployment copy policy"],"fullName":"deployment copy policy keeps runtime files exclusive to full deployments","status":"passed","title":"keeps runtime files exclusive to full deployments","duration":0.5234759999948437,"failureMessages":[],"meta":{},"tags":[]},{"ancestorTitles":["deployment release staging"],"fullName":"deployment release staging creates sortable release identifiers","status":"passed","title":"creates sortable release identifiers","duration":1.56940300000133,"failureMessages":[],"meta":{},"tags":[]},{"ancestorTitles":["deployment release staging"],"fullName":"deployment release staging copies only an application build context for code deployments","status":"passed","title":"copies only an application build context for code deployments","duration":50.669486000006145,"failureMessages":[],"meta":{},"tags":[]},{"ancestorTitles":["deployment release staging"],"fullName":"deployment release staging stages the tracked build and application data sources from the real repository","status":"passed","title":"stages the tracked build and application data sources from the real repository","duration":2361.4895389999947,"failureMessages":[],"meta":{},"tags":[]},{"ancestorTitles":["deployment release staging"],"fullName":"deployment release staging never stages ignored environment files or private credentials","status":"passed","title":"never stages ignored environment files or private credentials","duration":25.29241699999693,"failureMessages":[],"meta":{},"tags":[]},{"ancestorTitles":["deployment release staging"],"fullName":"deployment release staging stages a full release and updates current only when accepted","status":"passed","title":"stages a full release and updates current only when accepted","duration":77.7841999999946,"failureMessages":[],"meta":{},"tags":[]},{"ancestorTitles":["deployment release staging"],"fullName":"deployment release staging rejects a symlinked app path before writing into protected target storage","status":"passed","title":"rejects a symlinked app path before writing into protected target storage","duration":6.347424000006868,"failureMessages":[],"meta":{},"tags":[]},{"ancestorTitles":["deployment release staging"],"fullName":"deployment release staging rejects a symlinked releases path before staging a release","status":"passed","title":"rejects a symlinked releases path before staging a release","duration":9.53203900000517,"failureMessages":[],"meta":{},"tags":[]},{"ancestorTitles":["deployment release staging"],"fullName":"deployment release staging removes staged release artifacts when release acceptance fails","status":"passed","title":"removes staged release artifacts when release acceptance fails","duration":21.95191299999715,"failureMessages":[],"meta":{},"tags":[]},{"ancestorTitles":["deployment release staging"],"fullName":"deployment release staging allocates a distinct release when retries share a timestamp","status":"passed","title":"allocates a distinct release when retries share a timestamp","duration":28.497894000000088,"failureMessages":[],"meta":{},"tags":[]},{"ancestorTitles":["Compose lifecycle"],"fullName":"Compose lifecycle times out a Compose command runner that never settles","status":"passed","title":"times out a Compose command runner that never settles","duration":23.086087000003317,"failureMessages":[],"meta":{},"tags":[]},{"ancestorTitles":["Compose lifecycle"],"fullName":"Compose lifecycle builds, starts, health-checks, and then switches current","status":"passed","title":"builds, starts, health-checks, and then switches current","duration":25.82588399999804,"failureMessages":[],"meta":{},"tags":[]},{"ancestorTitles":["Compose lifecycle"],"fullName":"Compose lifecycle leaves current unchanged and restarts the previous release when build fails","status":"passed","title":"leaves current unchanged and restarts the previous release when build fails","duration":24.325617999995302,"failureMessages":[],"meta":{},"tags":[]},{"ancestorTitles":["Compose lifecycle"],"fullName":"Compose lifecycle reports both the deployment failure and a failed recovery","status":"passed","title":"reports both the deployment failure and a failed recovery","duration":23.959737999997742,"failureMessages":[],"meta":{},"tags":[]},{"ancestorTitles":["Compose lifecycle"],"fullName":"Compose lifecycle surfaces sanitized candidate logs, active release, and rollback command on failure","status":"passed","title":"surfaces sanitized candidate logs, active release, and rollback command on failure","duration":19.851979999999458,"failureMessages":[],"meta":{},"tags":[]},{"ancestorTitles":["Compose lifecycle"],"fullName":"Compose lifecycle tears down a failed first-release candidate when there is no active release to recover","status":"passed","title":"tears down a failed first-release candidate when there is no active release to recover","duration":22.318397999995796,"failureMessages":[],"meta":{},"tags":[]},{"ancestorTitles":["Compose lifecycle"],"fullName":"Compose lifecycle failed manual rollback restores and health-checks the original active release","status":"passed","title":"failed manual rollback restores and health-checks the original active release","duration":25.147526000000653,"failureMessages":[],"meta":{},"tags":[]},{"ancestorTitles":["Compose lifecycle"],"fullName":"Compose lifecycle restores current and starts the previous release when health fails","status":"passed","title":"restores current and starts the previous release when health fails","duration":19.460784999995667,"failureMessages":[],"meta":{},"tags":[]},{"ancestorTitles":["Compose lifecycle"],"fullName":"Compose lifecycle exposes compose lifecycle helpers for explicit callers","status":"passed","title":"exposes compose lifecycle helpers for explicit callers","duration":10.720016999999643,"failureMessages":[],"meta":{},"tags":[]},{"ancestorTitles":["deployment filesystem integration"],"fullName":"deployment filesystem integration recovers a validated lock whose local owner process is gone","status":"passed","title":"recovers a validated lock whose local owner process is gone","duration":12.075750000003609,"failureMessages":[],"meta":{},"tags":[]},{"ancestorTitles":["deployment filesystem integration"],"fullName":"deployment filesystem integration successful publication enforces release retention without pruning unsafe entries","status":"passed","title":"successful publication enforces release retention without pruning unsafe entries","duration":23.144594999997935,"failureMessages":[],"meta":{},"tags":[]},{"ancestorTitles":["deployment filesystem integration"],"fullName":"deployment filesystem integration full deployment initializes the approved target layout on first run","status":"passed","title":"full deployment initializes the approved target layout on first run","duration":231.82389700000203,"failureMessages":[],"meta":{},"tags":[]},{"ancestorTitles":["deployment filesystem integration"],"fullName":"deployment filesystem integration runs deployed operational Make targets from the target root","status":"passed","title":"runs deployed operational Make targets from the target root","duration":2678.674141000003,"failureMessages":[],"meta":{},"tags":[]},{"ancestorTitles":["deployment filesystem integration"],"fullName":"deployment filesystem integration failed full deployment restores the previous runtime control plane before recovery","status":"passed","title":"failed full deployment restores the previous runtime control plane before recovery","duration":108.44137499999488,"failureMessages":[],"meta":{},"tags":[]},{"ancestorTitles":["deployment filesystem integration"],"fullName":"deployment filesystem integration full integration copies Compose configuration to a clean target","status":"passed","title":"full integration copies Compose configuration to a clean target","duration":36.7639349999954,"failureMessages":[],"meta":{},"tags":[]},{"ancestorTitles":["deployment filesystem integration"],"fullName":"deployment filesystem integration code-only integration preserves protected storage","status":"passed","title":"code-only integration preserves protected storage","duration":25.094473999997717,"failureMessages":[],"meta":{},"tags":[]},{"ancestorTitles":["deployment filesystem integration"],"fullName":"deployment filesystem integration integration health failure leaves the old release active","status":"passed","title":"integration health failure leaves the old release active","duration":20.196962999994867,"failureMessages":[],"meta":{},"tags":[]},{"ancestorTitles":["deployment filesystem integration"],"fullName":"deployment filesystem integration rejects concurrent deployment lock acquisition","status":"passed","title":"rejects concurrent deployment lock acquisition","duration":24.15641300000425,"failureMessages":[],"meta":{},"tags":[]},{"ancestorTitles":["deployment filesystem integration"],"fullName":"deployment filesystem integration restore rejects an unsafe backup path before dispatch","status":"passed","title":"restore rejects an unsafe backup path before dispatch","duration":16.39427799999976,"failureMessages":[],"meta":{},"tags":[]}],"startTime":1789997527942,"endTime":1789997575566.3943,"status":"passed","message":"","name":"/Users/zhoulin/.codex/worktrees/ccc5/TradeReview/scripts/deploy.test.mjs"},{"assertionResults":[{"ancestorTitles":["local server TLS environment"],"fullName":"local server TLS environment starts the development server through the same TLS-aware launcher","status":"passed","title":"starts the development server through the same TLS-aware launcher","duration":2.808076000000028,"failureMessages":[],"meta":{},"tags":[]},{"ancestorTitles":["local server TLS environment"],"fullName":"local server TLS environment keeps an explicitly configured CA bundle","status":"passed","title":"keeps an explicitly configured CA bundle","duration":0.6166339999999764,"failureMessages":[],"meta":{},"tags":[]},{"ancestorTitles":["local server TLS environment"],"fullName":"local server TLS environment selects the first existing system CA bundle","status":"passed","title":"selects the first existing system CA bundle","duration":0.2557480000000396,"failureMessages":[],"meta":{},"tags":[]},{"ancestorTitles":["local server TLS environment"],"fullName":"local server TLS environment does not disable TLS when no system CA bundle is available","status":"passed","title":"does not disable TLS when no system CA bundle is available","duration":0.34767599999986487,"failureMessages":[],"meta":{},"tags":[]},{"ancestorTitles":["local server TLS environment"],"fullName":"local server TLS environment keeps an explicitly configured database path","status":"passed","title":"keeps an explicitly configured database path","duration":0.22729899999990266,"failureMessages":[],"meta":{},"tags":[]}],"startTime":1789997719663,"endTime":1789997719667.3477,"status":"passed","message":"","name":"/Users/zhoulin/.codex/worktrees/ccc5/TradeReview/scripts/start-local.test.mjs"},{"assertionResults":[{"ancestorTitles":["GlobalMarketRefresh"],"fullName":"GlobalMarketRefresh exposes one update action with the snapshot scope in every idle view","status":"passed","title":"exposes one update action with the snapshot scope in every idle view","duration":234.18213500000002,"failureMessages":[],"meta":{},"tags":[]},{"ancestorTitles":["GlobalMarketRefresh"],"fullName":"GlobalMarketRefresh keeps the action disabled while showing progress and allows cancellation","status":"passed","title":"keeps the action disabled while showing progress and allows cancellation","duration":43.11944600000015,"failureMessages":[],"meta":{},"tags":[]},{"ancestorTitles":["GlobalMarketRefresh"],"fullName":"GlobalMarketRefresh offers retry only for failed items and reports cancelled work and new imports","status":"passed","title":"offers retry only for failed items and reports cancelled work and new imports","duration":33.72609200000011,"failureMessages":[],"meta":{},"tags":[]},{"ancestorTitles":["GlobalMarketRefresh"],"fullName":"GlobalMarketRefresh keeps the result categories mutually exclusive when partial items are retryable","status":"passed","title":"keeps the result categories mutually exclusive when partial items are retryable","duration":18.44650499999989,"failureMessages":[],"meta":{},"tags":[]},{"ancestorTitles":["GlobalMarketRefresh"],"fullName":"GlobalMarketRefresh keeps unfinished items separate and exposes explicit recovery","status":"passed","title":"keeps unfinished items separate and exposes explicit recovery","duration":61.087935000000016,"failureMessages":[],"meta":{},"tags":[]}],"startTime":1789997604726,"endTime":1789997605117.088,"status":"passed","message":"","name":"/Users/zhoulin/.codex/worktrees/ccc5/TradeReview/app/components/global-market-refresh.test.tsx"},{"assertionResults":[{"ancestorTitles":["TradeReviewWorkspace"],"fullName":"TradeReviewWorkspace reviews a monthly statement before enrichment and cancels without saving","status":"passed","title":"reviews a monthly statement before enrichment and cancels without saving","duration":1095.8685060000007,"failureMessages":[],"meta":{},"tags":[]},{"ancestorTitles":["TradeReviewWorkspace"],"fullName":"TradeReviewWorkspace reparses missing source time and persists reviewed monthly evidence only on final confirmation","status":"passed","title":"reparses missing source time and persists reviewed monthly evidence only on final confirmation","duration":1396.5113680000004,"failureMessages":[],"meta":{},"tags":[]},{"ancestorTitles":["TradeReviewWorkspace"],"fullName":"TradeReviewWorkspace persists the explicit monthly conflict choice keep-existing","status":"passed","title":"persists the explicit monthly conflict choice keep-existing","duration":984.4329620000008,"failureMessages":[],"meta":{},"tags":[]},{"ancestorTitles":["TradeReviewWorkspace"],"fullName":"TradeReviewWorkspace persists the explicit monthly conflict choice use-incoming","status":"passed","title":"persists the explicit monthly conflict choice use-incoming","duration":741.9706650000007,"failureMessages":[],"meta":{},"tags":[]},{"ancestorTitles":["TradeReviewWorkspace"],"fullName":"TradeReviewWorkspace persists the explicit monthly conflict choice keep-both","status":"passed","title":"persists the explicit monthly conflict choice keep-both","duration":912.5805070000006,"failureMessages":[],"meta":{},"tags":[]},{"ancestorTitles":["TradeReviewWorkspace"],"fullName":"TradeReviewWorkspace replaces corrected times when a broker-qualified document ID differs from its raw fingerprint","status":"passed","title":"replaces corrected times when a broker-qualified document ID differs from its raw fingerprint","duration":697.6743740000002,"failureMessages":[],"meta":{},"tags":[]},{"ancestorTitles":["TradeReviewWorkspace"],"fullName":"TradeReviewWorkspace blocks partial same-file replacement while stock classification remains unresolved","status":"passed","title":"blocks partial same-file replacement while stock classification remains unresolved","duration":494.931231999999,"failureMessages":[],"meta":{},"tags":[]},{"ancestorTitles":["TradeReviewWorkspace"],"fullName":"TradeReviewWorkspace allows an idempotent same-file retry when unresolved rows are already stored","status":"passed","title":"allows an idempotent same-file retry when unresolved rows are already stored","duration":739.6177769999995,"failureMessages":[],"meta":{},"tags":[]},{"ancestorTitles":["TradeReviewWorkspace"],"fullName":"TradeReviewWorkspace imports a real TradingView CSV through confirmation and restores its simulation identity","status":"passed","title":"imports a real TradingView CSV through confirmation and restores its simulation identity","duration":880.2820949999987,"failureMessages":[],"meta":{},"tags":[]},{"ancestorTitles":["TradeReviewWorkspace"],"fullName":"TradeReviewWorkspace imports a recognized PDF locally without asking for stock names","status":"passed","title":"imports a recognized PDF locally without asking for stock names","duration":358.454839,"failureMessages":[],"meta":{},"tags":[]},{"ancestorTitles":["TradeReviewWorkspace"],"fullName":"TradeReviewWorkspace links statement executions to the import batch persisted with the history entry","status":"passed","title":"links statement executions to the import batch persisted with the history entry","duration":604.992228000001,"failureMessages":[],"meta":{},"tags":[]},{"ancestorTitles":["TradeReviewWorkspace"],"fullName":"TradeReviewWorkspace persists only complete records and starts cache-first gap sync for the imported instrument","status":"passed","title":"persists only complete records and starts cache-first gap sync for the imported instrument","duration":744.2496100000008,"failureMessages":[],"meta":{},"tags":[]},{"ancestorTitles":["TradeReviewWorkspace"],"fullName":"TradeReviewWorkspace retries only selected unresolved canonical instruments while preserving the full result","status":"passed","title":"retries only selected unresolved canonical instruments while preserving the full result","duration":445.7986810000002,"failureMessages":[],"meta":{},"tags":[]},{"ancestorTitles":["TradeReviewWorkspace"],"fullName":"TradeReviewWorkspace does not resurrect an import when a deferred unresolved retry finishes after cancel","status":"passed","title":"does not resurrect an import when a deferred unresolved retry finishes after cancel","duration":715.728328000001,"failureMessages":[],"meta":{},"tags":[]},{"ancestorTitles":["TradeReviewWorkspace"],"fullName":"TradeReviewWorkspace disables confirmation while an unresolved retry is pending","status":"passed","title":"disables confirmation while an unresolved retry is pending","duration":719.5796520000004,"failureMessages":[],"meta":{},"tags":[]},{"ancestorTitles":["TradeReviewWorkspace"],"fullName":"TradeReviewWorkspace reports stable-id duplicates when the same statement is imported again","status":"passed","title":"reports stable-id duplicates when the same statement is imported again","duration":564.3796059999986,"failureMessages":[],"meta":{},"tags":[]},{"ancestorTitles":["TradeReviewWorkspace"],"fullName":"TradeReviewWorkspace retains the larger legitimate same-file fill multiplicity and counts only the overlap","status":"passed","title":"retains the larger legitimate same-file fill multiplicity and counts only the overlap","duration":564.4857640000009,"failureMessages":[],"meta":{},"tags":[]},{"ancestorTitles":["TradeReviewWorkspace"],"fullName":"TradeReviewWorkspace keeps executions and import history when post-import K-line sync fails","status":"passed","title":"keeps executions and import history when post-import K-line sync fails","duration":580.3914450000011,"failureMessages":[],"meta":{},"tags":[]},{"ancestorTitles":["TradeReviewWorkspace"],"fullName":"TradeReviewWorkspace advances one candle without revealing the future and preserves the cursor across periods","status":"passed","title":"advances one candle without revealing the future and preserves the cursor across periods","duration":777.0693150000006,"failureMessages":[],"meta":{},"tags":[]},{"ancestorTitles":["TradeReviewWorkspace"],"fullName":"TradeReviewWorkspace stops replay and reports a recoverable message when a step fails","status":"passed","title":"stops replay and reports a recoverable message when a step fails","duration":483.89132099999915,"failureMessages":[],"meta":{},"tags":[]},{"ancestorTitles":["TradeReviewWorkspace"],"fullName":"TradeReviewWorkspace loads imported stocks after a page reload without starting a market request","status":"passed","title":"loads imported stocks after a page reload without starting a market request","duration":266.9642730000014,"failureMessages":[],"meta":{},"tags":[]},{"ancestorTitles":["TradeReviewWorkspace"],"fullName":"TradeReviewWorkspace refreshes metadata without blocking cached candles when metadata is unresolved","status":"passed","title":"refreshes metadata without blocking cached candles when metadata is unresolved","duration":999.2427080000016,"failureMessages":[],"meta":{},"tags":[]},{"ancestorTitles":["TradeReviewWorkspace"],"fullName":"TradeReviewWorkspace applies a refreshed canonical name to every execution and keeps it after candle failure and reload","status":"passed","title":"applies a refreshed canonical name to every execution and keeps it after candle failure and reload","duration":1110.8139640000009,"failureMessages":[],"meta":{},"tags":[]},{"ancestorTitles":["TradeReviewWorkspace"],"fullName":"TradeReviewWorkspace merges a deferred metadata name with an overlapping import confirmation without losing either","status":"passed","title":"merges a deferred metadata name with an overlapping import confirmation without losing either","duration":1528.5134519999992,"failureMessages":[],"meta":{},"tags":[]},{"ancestorTitles":["TradeReviewWorkspace"],"fullName":"TradeReviewWorkspace keeps UI and durable executions unchanged when refreshed-name persistence fails","status":"passed","title":"keeps UI and durable executions unchanged when refreshed-name persistence fails","duration":803.665785000001,"failureMessages":[],"meta":{},"tags":[]},{"ancestorTitles":["TradeReviewWorkspace"],"fullName":"TradeReviewWorkspace opens a stock library entry in the shared workbench without requesting market data","status":"passed","title":"opens a stock library entry in the shared workbench without requesting market data","duration":1690.056443999998,"failureMessages":[],"meta":{},"tags":[]},{"ancestorTitles":["TradeReviewWorkspace"],"fullName":"TradeReviewWorkspace hydrates cached candles for library stocks that are not selected in replay","status":"passed","title":"hydrates cached candles for library stocks that are not selected in replay","duration":1572.6941069999993,"failureMessages":[],"meta":{},"tags":[]},{"ancestorTitles":["TradeReviewWorkspace"],"fullName":"TradeReviewWorkspace hydrates and updates the review record for the exact position episode","status":"passed","title":"hydrates and updates the review record for the exact position episode","duration":2289.2748100000026,"failureMessages":[],"meta":{},"tags":[]},{"ancestorTitles":["TradeReviewWorkspace"],"fullName":"TradeReviewWorkspace accepts an edited cached suggestion and opens the exact episode without requesting market data","status":"passed","title":"accepts an edited cached suggestion and opens the exact episode without requesting market data","duration":2345.7742980000003,"failureMessages":[],"meta":{},"tags":[]}],"startTime":1789997530721,"endTime":1789997557832.7744,"status":"passed","message":"","name":"/Users/zhoulin/.codex/worktrees/ccc5/TradeReview/app/components/trade-review-workspace.import-flow.test.tsx"},{"assertionResults":[{"ancestorTitles":["TradeReviewWorkspace global refresh seam"],"fullName":"TradeReviewWorkspace global refresh seam cancels a running batch, persists a terminal job, and waits before the next batch","status":"passed","title":"cancels a running batch, persists a terminal job, and waits before the next batch","duration":1725.39865,"failureMessages":[],"meta":{},"tags":[]},{"ancestorTitles":["TradeReviewWorkspace global refresh seam"],"fullName":"TradeReviewWorkspace global refresh seam restores saved result and failure details without starting provider work","status":"passed","title":"restores saved result and failure details without starting provider work","duration":438.2528080000002,"failureMessages":[],"meta":{},"tags":[]},{"ancestorTitles":["TradeReviewWorkspace global refresh seam"],"fullName":"TradeReviewWorkspace global refresh seam reports an unavailable refresh lock without treating the old terminal job as a new run","status":"passed","title":"reports an unavailable refresh lock without treating the old terminal job as a new run","duration":418.1000359999998,"failureMessages":[],"meta":{},"tags":[]},{"ancestorTitles":["TradeReviewWorkspace global refresh seam"],"fullName":"TradeReviewWorkspace global refresh seam refreshes the global saved summary after a single instrument update","status":"passed","title":"refreshes the global saved summary after a single instrument update","duration":2329.098513,"failureMessages":[],"meta":{},"tags":[]},{"ancestorTitles":["TradeReviewWorkspace global refresh seam"],"fullName":"TradeReviewWorkspace global refresh seam refreshes the global failure summary and details after a single hard failure","status":"passed","title":"refreshes the global failure summary and details after a single hard failure","duration":1561.9688640000004,"failureMessages":[],"meta":{},"tags":[]},{"ancestorTitles":["TradeReviewWorkspace global refresh seam"],"fullName":"TradeReviewWorkspace global refresh seam keeps a running global batch in control when a single refresh is requested","status":"passed","title":"keeps a running global batch in control when a single refresh is requested","duration":1621.6137359999993,"failureMessages":[],"meta":{},"tags":[]},{"ancestorTitles":["TradeReviewWorkspace global refresh seam"],"fullName":"TradeReviewWorkspace global refresh seam offers recovery for a saved snapshot with two unfinished instruments and requests only those two","status":"passed","title":"offers recovery for a saved snapshot with two unfinished instruments and requests only those two","duration":641.8348769999993,"failureMessages":[],"meta":{},"tags":[]},{"ancestorTitles":["TradeReviewWorkspace global refresh seam"],"fullName":"TradeReviewWorkspace global refresh seam shows and recovers an inventory instrument with no saved job","status":"passed","title":"shows and recovers an inventory instrument with no saved job","duration":578.9604600000002,"failureMessages":[],"meta":{},"tags":[]}],"startTime":1789997530954,"endTime":1789997540269.9604,"status":"passed","message":"","name":"/Users/zhoulin/.codex/worktrees/ccc5/TradeReview/app/components/trade-review-workspace.refresh.test.tsx"},{"assertionResults":[{"ancestorTitles":["TradeReviewWorkspace"],"fullName":"TradeReviewWorkspace uses one shared primary navigation and reuses it from the narrow-screen menu","status":"passed","title":"uses one shared primary navigation and reuses it from the narrow-screen menu","duration":571.9812580000003,"failureMessages":[],"meta":{},"tags":[]},{"ancestorTitles":["TradeReviewWorkspace"],"fullName":"TradeReviewWorkspace loads the FX snapshot when the production workspace opens on the dashboard","status":"passed","title":"loads the FX snapshot when the production workspace opens on the dashboard","duration":103.74849399999994,"failureMessages":[],"meta":{},"tags":[]},{"ancestorTitles":["TradeReviewWorkspace"],"fullName":"TradeReviewWorkspace starts a quality data check in the first existing account for the instrument","status":"passed","title":"starts a quality data check in the first existing account for the instrument","duration":1.8969900000001871,"failureMessages":[],"meta":{},"tags":[]},{"ancestorTitles":["TradeReviewWorkspace"],"fullName":"TradeReviewWorkspace prefers the issue episode account when the instrument has multiple accounts","status":"passed","title":"prefers the issue episode account when the instrument has multiple accounts","duration":0.9633449999996628,"failureMessages":[],"meta":{},"tags":[]},{"ancestorTitles":["TradeReviewWorkspace"],"fullName":"TradeReviewWorkspace opens production in the queue and stays on a rejected completion","status":"passed","title":"opens production in the queue and stays on a rejected completion","duration":1442.3679729999994,"failureMessages":[],"meta":{},"tags":[]},{"ancestorTitles":["TradeReviewWorkspace"],"fullName":"TradeReviewWorkspace gold replay does not reveal the sale before the first bar is played","status":"passed","title":"gold replay does not reveal the sale before the first bar is played","duration":930.9014569999999,"failureMessages":[],"meta":{},"tags":[]},{"ancestorTitles":["TradeReviewWorkspace"],"fullName":"TradeReviewWorkspace gold replay explains missing historical bars when stepping its first available day","status":"passed","title":"gold replay explains missing historical bars when stepping its first available day","duration":1112.1558510000004,"failureMessages":[],"meta":{},"tags":[]},{"ancestorTitles":["TradeReviewWorkspace"],"fullName":"TradeReviewWorkspace gold replay keeps cached historical bars before and after its first step","status":"passed","title":"gold replay keeps cached historical bars before and after its first step","duration":1117.4044539999995,"failureMessages":[],"meta":{},"tags":[]},{"ancestorTitles":["TradeReviewWorkspace"],"fullName":"TradeReviewWorkspace gold replay repairs the previously saved empty-chart entry cursor","status":"passed","title":"gold replay repairs the previously saved empty-chart entry cursor","duration":765.3180400000001,"failureMessages":[],"meta":{},"tags":[]},{"ancestorTitles":["TradeReviewWorkspace"],"fullName":"TradeReviewWorkspace gold replay preserves saved progress after its first completed bar","status":"passed","title":"gold replay preserves saved progress after its first completed bar","duration":723.4732230000009,"failureMessages":[],"meta":{},"tags":[]},{"ancestorTitles":["TradeReviewWorkspace"],"fullName":"TradeReviewWorkspace does not advance the training cursor when the target timeframe has no known candle yet","status":"passed","title":"does not advance the training cursor when the target timeframe has no known candle yet","duration":1356.3797450000002,"failureMessages":[],"meta":{},"tags":[]},{"ancestorTitles":["TradeReviewWorkspace"],"fullName":"TradeReviewWorkspace gold replay next execution lands on a market-open fill rather than the first bar close","status":"passed","title":"gold replay next execution lands on a market-open fill rather than the first bar close","duration":1008.0467630000003,"failureMessages":[],"meta":{},"tags":[]},{"ancestorTitles":["TradeReviewWorkspace"],"fullName":"TradeReviewWorkspace restores the prior sidebar layout after focusing the chart without changing the cursor","status":"passed","title":"restores the prior sidebar layout after focusing the chart without changing the cursor","duration":476.872754,"failureMessages":[],"meta":{},"tags":[]},{"ancestorTitles":["TradeReviewWorkspace"],"fullName":"TradeReviewWorkspace supplements only the selected stock account and retries the same audited request","status":"passed","title":"supplements only the selected stock account and retries the same audited request","duration":1948.8142129999997,"failureMessages":[],"meta":{},"tags":[]},{"ancestorTitles":["TradeReviewWorkspace"],"fullName":"TradeReviewWorkspace boots from the SQLite bootstrap response without reading legacy execution storage","status":"passed","title":"boots from the SQLite bootstrap response without reading legacy execution storage","duration":599.8204050000004,"failureMessages":[],"meta":{},"tags":[]},{"ancestorTitles":["TradeReviewWorkspace"],"fullName":"TradeReviewWorkspace does not re-read every instrument market cache when metadata hydration updates presentation","status":"passed","title":"does not re-read every instrument market cache when metadata hydration updates presentation","duration":777.8374160000003,"failureMessages":[],"meta":{},"tags":[]},{"ancestorTitles":["TradeReviewWorkspace"],"fullName":"TradeReviewWorkspace does not label daily-only partial coverage as overall market data availability","status":"passed","title":"does not label daily-only partial coverage as overall market data availability","duration":684.4760159999987,"failureMessages":[],"meta":{},"tags":[]},{"ancestorTitles":["TradeReviewWorkspace"],"fullName":"TradeReviewWorkspace marks a short hourly cache as updatable even when daily data is absent","status":"passed","title":"marks a short hourly cache as updatable even when daily data is absent","duration":708.3746210000008,"failureMessages":[],"meta":{},"tags":[]},{"ancestorTitles":["TradeReviewWorkspace"],"fullName":"TradeReviewWorkspace does not block the selected replay on another stock's market data","status":"passed","title":"does not block the selected replay on another stock's market data","duration":602.1879590000026,"failureMessages":[],"meta":{},"tags":[]},{"ancestorTitles":["TradeReviewWorkspace"],"fullName":"TradeReviewWorkspace keeps a persisted hourly provider failure visible when no cache exists","status":"passed","title":"keeps a persisted hourly provider failure visible when no cache exists","duration":623.1859700000023,"failureMessages":[],"meta":{},"tags":[]},{"ancestorTitles":["TradeReviewWorkspace"],"fullName":"TradeReviewWorkspace keeps XPEV absent when an empty SQLite bootstrap is used in production mode","status":"passed","title":"keeps XPEV absent when an empty SQLite bootstrap is used in production mode","duration":51.27378099999987,"failureMessages":[],"meta":{},"tags":[]},{"ancestorTitles":["TradeReviewWorkspace"],"fullName":"TradeReviewWorkspace does not export legacy browser state after the SQLite server confirms migration","status":"passed","title":"does not export legacy browser state after the SQLite server confirms migration","duration":47.019546999999875,"failureMessages":[],"meta":{},"tags":[]},{"ancestorTitles":["TradeReviewWorkspace"],"fullName":"TradeReviewWorkspace migrates legacy browser state when SQLite has no migration despite a local marker","status":"passed","title":"migrates legacy browser state when SQLite has no migration despite a local marker","duration":74.2814380000018,"failureMessages":[],"meta":{},"tags":[]},{"ancestorTitles":["TradeReviewWorkspace"],"fullName":"TradeReviewWorkspace supports multiple statements and an independent multi-image screenshot input","status":"passed","title":"supports multiple statements and an independent multi-image screenshot input","duration":183.82501400000183,"failureMessages":[],"meta":{},"tags":[]},{"ancestorTitles":["TradeReviewWorkspace"],"fullName":"TradeReviewWorkspace does not expose the bundled demo in production mode","status":"passed","title":"does not expose the bundled demo in production mode","duration":96.96322200000213,"failureMessages":[],"meta":{},"tags":[]},{"ancestorTitles":["TradeReviewWorkspace"],"fullName":"TradeReviewWorkspace reviews two screenshots and applies duplicate, use-incoming, and keep-both decisions through the existing import transaction","status":"passed","title":"reviews two screenshots and applies duplicate, use-incoming, and keep-both decisions through the existing import transaction","duration":4540.331205999999,"failureMessages":[],"meta":{},"tags":[]},{"ancestorTitles":["TradeReviewWorkspace"],"fullName":"TradeReviewWorkspace does not persist when a prepared screenshot import preview is canceled","status":"passed","title":"does not persist when a prepared screenshot import preview is canceled","duration":808.3814869999987,"failureMessages":[],"meta":{},"tags":[]},{"ancestorTitles":["TradeReviewWorkspace"],"fullName":"TradeReviewWorkspace keeps an existing conflict when the selected screenshot replacement does not survive enrichment","status":"passed","title":"keeps an existing conflict when the selected screenshot replacement does not survive enrichment","duration":1508.1108079999976,"failureMessages":[],"meta":{},"tags":[]},{"ancestorTitles":["TradeReviewWorkspace"],"fullName":"TradeReviewWorkspace hides the frozen screenshot review while import preparation is pending","status":"passed","title":"hides the frozen screenshot review while import preparation is pending","duration":1364.550352000002,"failureMessages":[],"meta":{},"tags":[]},{"ancestorTitles":["TradeReviewWorkspace"],"fullName":"TradeReviewWorkspace advances one candle without revealing the future and preserves the cursor across periods","status":"passed","title":"advances one candle without revealing the future and preserves the cursor across periods","duration":682.9117410000035,"failureMessages":[],"meta":{},"tags":[]},{"ancestorTitles":["TradeReviewWorkspace"],"fullName":"TradeReviewWorkspace preserves the review timeframe and cursor while top navigation re-enters training mode","status":"passed","title":"preserves the review timeframe and cursor while top navigation re-enters training mode","duration":2309.8163080000013,"failureMessages":[],"meta":{},"tags":[]},{"ancestorTitles":["TradeReviewWorkspace"],"fullName":"TradeReviewWorkspace pauses replay when returning to the library through top navigation","status":"passed","title":"pauses replay when returning to the library through top navigation","duration":572.4333000000006,"failureMessages":[],"meta":{},"tags":[]},{"ancestorTitles":["TradeReviewWorkspace"],"fullName":"TradeReviewWorkspace retains a failed drawing draft per episode and gates completion until retry succeeds","status":"passed","title":"retains a failed drawing draft per episode and gates completion until retry succeeds","duration":3318.2972400000035,"failureMessages":[],"meta":{},"tags":[]},{"ancestorTitles":["TradeReviewWorkspace"],"fullName":"TradeReviewWorkspace waits for the stable latest drawing queue before completing a review","status":"passed","title":"waits for the stable latest drawing queue before completing a review","duration":2820.418292999995,"failureMessages":[],"meta":{},"tags":[]},{"ancestorTitles":["TradeReviewWorkspace"],"fullName":"TradeReviewWorkspace stops replay and reports a recoverable message when a step fails","status":"passed","title":"stops replay and reports a recoverable message when a step fails","duration":308.256352000004,"failureMessages":[],"meta":{},"tags":[]},{"ancestorTitles":["TradeReviewWorkspace"],"fullName":"TradeReviewWorkspace switches from the desktop review panel to an operable narrow drawer","status":"passed","title":"switches from the desktop review panel to an operable narrow drawer","duration":400.21467599999596,"failureMessages":[],"meta":{},"tags":[]},{"ancestorTitles":["TradeReviewWorkspace"],"fullName":"TradeReviewWorkspace contains the toolbar and every chart popover within a 390px viewport","status":"passed","title":"contains the toolbar and every chart popover within a 390px viewport","duration":15.223126999997476,"failureMessages":[],"meta":{},"tags":[]},{"ancestorTitles":["TradeReviewWorkspace"],"fullName":"TradeReviewWorkspace loads imported stocks after a page reload without starting a market request","status":"passed","title":"loads imported stocks after a page reload without starting a market request","duration":264.1478150000039,"failureMessages":[],"meta":{},"tags":[]},{"ancestorTitles":["TradeReviewWorkspace"],"fullName":"TradeReviewWorkspace keeps demo reachable with imports and restores its saved server frame and UI state","status":"passed","title":"keeps demo reachable with imports and restores its saved server frame and UI state","duration":818.4525009999998,"failureMessages":[],"meta":{},"tags":[]},{"ancestorTitles":["TradeReviewWorkspace"],"fullName":"TradeReviewWorkspace refreshes the selected demo frame from the existing replay backend","status":"passed","title":"refreshes the selected demo frame from the existing replay backend","duration":442.08492000000115,"failureMessages":[],"meta":{},"tags":[]},{"ancestorTitles":["TradeReviewWorkspace"],"fullName":"TradeReviewWorkspace disables demo refresh accessibly while a replay request is active","status":"passed","title":"disables demo refresh accessibly while a replay request is active","duration":610.6399969999984,"failureMessages":[],"meta":{},"tags":[]},{"ancestorTitles":["TradeReviewWorkspace"],"fullName":"TradeReviewWorkspace uses the containing 15 minute bar for non-aligned closed fills","status":"passed","title":"uses the containing 15 minute bar for non-aligned closed fills","duration":490.223573999996,"failureMessages":[],"meta":{},"tags":[]},{"ancestorTitles":["TradeReviewWorkspace"],"fullName":"TradeReviewWorkspace accepts bounded pre-entry candles as episode chart context","status":"passed","title":"accepts bounded pre-entry candles as episode chart context","duration":464.161801000002,"failureMessages":[],"meta":{},"tags":[]},{"ancestorTitles":["TradeReviewWorkspace"],"fullName":"TradeReviewWorkspace does not use candles before the bounded pre-entry context","status":"passed","title":"does not use candles before the bounded pre-entry context","duration":456.33769900000334,"failureMessages":[],"meta":{},"tags":[]},{"ancestorTitles":["TradeReviewWorkspace"],"fullName":"TradeReviewWorkspace does not describe confirmed grey-market trades as a regular-market history gap","status":"passed","title":"does not describe confirmed grey-market trades as a regular-market history gap","duration":1069.8138519999993,"failureMessages":[],"meta":{},"tags":[]},{"ancestorTitles":["TradeReviewWorkspace"],"fullName":"TradeReviewWorkspace shows all daily history by default and explains trades before the first candle","status":"passed","title":"shows all daily history by default and explains trades before the first candle","duration":2495.396790999999,"failureMessages":[],"meta":{},"tags":[]},{"ancestorTitles":["TradeReviewWorkspace"],"fullName":"TradeReviewWorkspace shows all instrument executions in history but only the selected episode in replay","status":"passed","title":"shows all instrument executions in history but only the selected episode in replay","duration":1606.9896700000027,"failureMessages":[],"meta":{},"tags":[]},{"ancestorTitles":["TradeReviewWorkspace"],"fullName":"TradeReviewWorkspace keeps the safe cursor when history begins after the trade","status":"passed","title":"keeps the safe cursor when history begins after the trade","duration":1015.8719359999959,"failureMessages":[],"meta":{},"tags":[]},{"ancestorTitles":["TradeReviewWorkspace"],"fullName":"TradeReviewWorkspace extends an open episode through cached data after its latest fill","status":"passed","title":"extends an open episode through cached data after its latest fill","duration":445.727635999996,"failureMessages":[],"meta":{},"tags":[]},{"ancestorTitles":["TradeReviewWorkspace"],"fullName":"TradeReviewWorkspace refreshes every trade episode regardless of the selected episode","status":"passed","title":"refreshes every trade episode regardless of the selected episode","duration":1355.9688779999997,"failureMessages":[],"meta":{},"tags":[]},{"ancestorTitles":["TradeReviewWorkspace"],"fullName":"TradeReviewWorkspace uses META as the market-data symbol for historical FB trades","status":"passed","title":"uses META as the market-data symbol for historical FB trades","duration":1229.3098420000024,"failureMessages":[],"meta":{},"tags":[]},{"ancestorTitles":["TradeReviewWorkspace"],"fullName":"TradeReviewWorkspace keeps library context through cancelled and confirmed imports with failed market refresh","status":"passed","title":"keeps library context through cancelled and confirmed imports with failed market refresh","duration":2829.4445149999956,"failureMessages":[],"meta":{},"tags":[]},{"ancestorTitles":["TradeReviewWorkspace"],"fullName":"TradeReviewWorkspace opens a library queue entry directly in the shared history workbench","status":"passed","title":"opens a library queue entry directly in the shared history workbench","duration":920.5386120000039,"failureMessages":[],"meta":{},"tags":[]},{"ancestorTitles":["TradeReviewWorkspace"],"fullName":"TradeReviewWorkspace keeps complete-history executions within the selected account","status":"passed","title":"keeps complete-history executions within the selected account","duration":883.0587260000029,"failureMessages":[],"meta":{},"tags":[]},{"ancestorTitles":["TradeReviewWorkspace"],"fullName":"TradeReviewWorkspace automatically syncs all episodes after importing a later episode","status":"passed","title":"automatically syncs all episodes after importing a later episode","duration":1023.1725730000035,"failureMessages":[],"meta":{},"tags":[]},{"ancestorTitles":["TradeReviewWorkspace"],"fullName":"TradeReviewWorkspace automatically syncs all episodes when an import closes and opens positions","status":"passed","title":"automatically syncs all episodes when an import closes and opens positions","duration":944.4079720000009,"failureMessages":[],"meta":{},"tags":[]},{"ancestorTitles":["TradeReviewWorkspace"],"fullName":"TradeReviewWorkspace uses the unified replay workspace for a cached imported episode","status":"passed","title":"uses the unified replay workspace for a cached imported episode","duration":3431.975375000002,"failureMessages":[],"meta":{},"tags":[]},{"ancestorTitles":["TradeReviewWorkspace"],"fullName":"TradeReviewWorkspace keeps notes available and explains provider-limited intraday periods for daily-only data","status":"passed","title":"keeps notes available and explains provider-limited intraday periods for daily-only data","duration":1054.5099300000002,"failureMessages":[],"meta":{},"tags":[]},{"ancestorTitles":["TradeReviewWorkspace"],"fullName":"TradeReviewWorkspace derives intraday availability from the selected episode window","status":"passed","title":"derives intraday availability from the selected episode window","duration":1120.943143000004,"failureMessages":[],"meta":{},"tags":[]},{"ancestorTitles":["TradeReviewWorkspace"],"fullName":"TradeReviewWorkspace reveals the next execution 'after the final cached candle' without enabling next-candle navigation","status":"passed","title":"reveals the next execution 'after the final cached candle' without enabling next-candle navigation","duration":1294.0713529999994,"failureMessages":[],"meta":{},"tags":[]},{"ancestorTitles":["TradeReviewWorkspace"],"fullName":"TradeReviewWorkspace reveals the next execution 'without cached candles' without enabling next-candle navigation","status":"passed","title":"reveals the next execution 'without cached candles' without enabling next-candle navigation","duration":971.2537689999954,"failureMessages":[],"meta":{},"tags":[]},{"ancestorTitles":["TradeReviewWorkspace"],"fullName":"TradeReviewWorkspace preserves cached intervals and reports each failed refresh independently","status":"passed","title":"preserves cached intervals and reports each failed refresh independently","duration":854.555379999998,"failureMessages":[],"meta":{},"tags":[]},{"ancestorTitles":["TradeReviewWorkspace"],"fullName":"TradeReviewWorkspace reveals an imported provider candle only at its completed-bar knowledge boundary","status":"passed","title":"reveals an imported provider candle only at its completed-bar knowledge boundary","duration":833.5855570000058,"failureMessages":[],"meta":{},"tags":[]},{"ancestorTitles":["TradeReviewWorkspace"],"fullName":"TradeReviewWorkspace restores cursor, drawings, panel tab, and notes independently for each episode","status":"passed","title":"restores cursor, drawings, panel tab, and notes independently for each episode","duration":1475.8523829999904,"failureMessages":[],"meta":{},"tags":[]},{"ancestorTitles":["TradeReviewWorkspace"],"fullName":"TradeReviewWorkspace opens the stock drawer and restores focus after Escape without resetting replay","status":"passed","title":"opens the stock drawer and restores focus after Escape without resetting replay","duration":336.8896819999936,"failureMessages":[],"meta":{},"tags":[]},{"ancestorTitles":["TradeReviewWorkspace"],"fullName":"TradeReviewWorkspace offers the import flow in data management from the empty workspace","status":"passed","title":"offers the import flow in data management from the empty workspace","duration":275.38257599998906,"failureMessages":[],"meta":{},"tags":[]},{"ancestorTitles":["TradeReviewWorkspace"],"fullName":"TradeReviewWorkspace passes stored instrument metadata into the trading room scope","status":"passed","title":"passes stored instrument metadata into the trading room scope","duration":195.58300299999246,"failureMessages":[],"meta":{},"tags":[]},{"ancestorTitles":["TradeReviewWorkspace"],"fullName":"TradeReviewWorkspace returns to the trading room with its filters, period, and calendar view after opening a holding review","status":"passed","title":"returns to the trading room with its filters, period, and calendar view after opening a holding review","duration":857.7537169999996,"failureMessages":[],"meta":{},"tags":[]},{"ancestorTitles":["TradeReviewWorkspace"],"fullName":"TradeReviewWorkspace returns to the library with its expanded stock context after opening a library round","status":"passed","title":"returns to the library with its expanded stock context after opening a library round","duration":880.8363019999961,"failureMessages":[],"meta":{},"tags":[]},{"ancestorTitles":["TradeReviewWorkspace"],"fullName":"TradeReviewWorkspace opens stock entries in the shared workbench and preserves library browsing state","status":"passed","title":"opens stock entries in the shared workbench and preserves library browsing state","duration":1876.1664799999999,"failureMessages":[],"meta":{},"tags":[]},{"ancestorTitles":["TradeReviewWorkspace"],"fullName":"TradeReviewWorkspace hydrates cached candles for library stocks that are not selected in replay","status":"passed","title":"hydrates cached candles for library stocks that are not selected in replay","duration":974.2096089999977,"failureMessages":[],"meta":{},"tags":[]},{"ancestorTitles":["TradeReviewWorkspace"],"fullName":"TradeReviewWorkspace hydrates and updates the review record for the exact position episode","status":"passed","title":"hydrates and updates the review record for the exact position episode","duration":1528.1161060000013,"failureMessages":[],"meta":{},"tags":[]}],"startTime":1789997598810,"endTime":1789997670798.1162,"status":"passed","message":"","name":"/Users/zhoulin/.codex/worktrees/ccc5/TradeReview/app/components/trade-review-workspace.test.tsx"},{"assertionResults":[{"ancestorTitles":["/api/fx"],"fullName":"/api/fx reads the persisted snapshot without invoking an external fetch","status":"passed","title":"reads the persisted snapshot without invoking an external fetch","duration":9.990255999999818,"failureMessages":[],"meta":{},"tags":[]},{"ancestorTitles":["/api/fx"],"fullName":"/api/fx runs refresh only through POST and returns the new full snapshot","status":"passed","title":"runs refresh only through POST and returns the new full snapshot","duration":3.338783999999805,"failureMessages":[],"meta":{},"tags":[]},{"ancestorTitles":["/api/fx"],"fullName":"/api/fx returns a cached snapshot with a visible failure result","status":"passed","title":"returns a cached snapshot with a visible failure result","duration":1.597342000000026,"failureMessages":[],"meta":{},"tags":[]},{"ancestorTitles":["/api/fx"],"fullName":"/api/fx returns unavailable when the first refresh has no usable cache","status":"passed","title":"returns unavailable when the first refresh has no usable cache","duration":1.1692109999999047,"failureMessages":[],"meta":{},"tags":[]}],"startTime":1789997692808,"endTime":1789997692824.1692,"status":"passed","message":"","name":"/Users/zhoulin/.codex/worktrees/ccc5/TradeReview/app/api/fx/route.test.ts"},{"assertionResults":[{"ancestorTitles":["DataManagement"],"fullName":"DataManagement defaults to import and switches visible content without writing business data","status":"passed","title":"defaults to import and switches visible content without writing business data","duration":387.64495899999974,"failureMessages":[],"meta":{},"tags":[]},{"ancestorTitles":["DataManagement"],"fullName":"DataManagement moves the data-management tab selection with arrow, Home, and End keys","status":"passed","title":"moves the data-management tab selection with arrow, Home, and End keys","duration":102.01900499999965,"failureMessages":[],"meta":{},"tags":[]},{"ancestorTitles":["DataManagement"],"fullName":"DataManagement keeps one quality heading when the injected quality panel provides its own details heading","status":"passed","title":"keeps one quality heading when the injected quality panel provides its own details heading","duration":75.29605899999979,"failureMessages":[],"meta":{},"tags":[]},{"ancestorTitles":["DataManagement"],"fullName":"DataManagement keeps hidden configuration slots mounted so drafts survive tab changes","status":"passed","title":"keeps hidden configuration slots mounted so drafts survive tab changes","duration":163.16844700000001,"failureMessages":[],"meta":{},"tags":[]},{"ancestorTitles":["DataManagement"],"fullName":"DataManagement supports a controlled active tab without changing it locally","status":"passed","title":"supports a controlled active tab without changing it locally","duration":47.444458999999824,"failureMessages":[],"meta":{},"tags":[]},{"ancestorTitles":["DataManagement"],"fullName":"DataManagement shows concise empty states when optional quality and settings slots are absent","status":"passed","title":"shows concise empty states when optional quality and settings slots are absent","duration":102.89042199999994,"failureMessages":[],"meta":{},"tags":[]},{"ancestorTitles":["DataManagement"],"fullName":"DataManagement groups import, market refresh, and retained-data problems under one page","status":"passed","title":"groups import, market refresh, and retained-data problems under one page","duration":200.0907360000001,"failureMessages":[],"meta":{},"tags":[]},{"ancestorTitles":["DataManagement"],"fullName":"DataManagement renders an injected FX slot without inventing an FX state","status":"passed","title":"renders an injected FX slot without inventing an FX state","duration":58.925275000000056,"failureMessages":[],"meta":{},"tags":[]},{"ancestorTitles":["DataManagement"],"fullName":"DataManagement renders quality details in its own data-management slot","status":"passed","title":"renders quality details in its own data-management slot","duration":44.16244200000028,"failureMessages":[],"meta":{},"tags":[]},{"ancestorTitles":["DataManagement"],"fullName":"DataManagement renders principal configuration in its own data-management slot","status":"passed","title":"renders principal configuration in its own data-management slot","duration":48.46877499999982,"failureMessages":[],"meta":{},"tags":[]},{"ancestorTitles":["DataManagement"],"fullName":"DataManagement keeps refresh controls available for cancellation, retry, and unfinished recovery","status":"passed","title":"keeps refresh controls available for cancellation, retry, and unfinished recovery","duration":48.65183200000001,"failureMessages":[],"meta":{},"tags":[]}],"startTime":1789997585260,"endTime":1789997586539.6519,"status":"passed","message":"","name":"/Users/zhoulin/.codex/worktrees/ccc5/TradeReview/app/components/data-management/data-management.test.tsx"},{"assertionResults":[{"ancestorTitles":["FxPanel"],"fullName":"FxPanel shows source, per-currency values, source times, and a manual refresh action","status":"passed","title":"shows source, per-currency values, source times, and a manual refresh action","duration":268.0380329999998,"failureMessages":[],"meta":{},"tags":[]},{"ancestorTitles":["FxPanel"],"fullName":"FxPanel explains a partial or stale snapshot and preserves an original-currency warning","status":"passed","title":"explains a partial or stale snapshot and preserves an original-currency warning","duration":15.250091999999995,"failureMessages":[],"meta":{},"tags":[]},{"ancestorTitles":["FxPanel"],"fullName":"FxPanel labels a failed refresh that is still using the last successful date","status":"passed","title":"labels a failed refresh that is still using the last successful date","duration":11.088580000000093,"failureMessages":[],"meta":{},"tags":[]},{"ancestorTitles":["FxPanel"],"fullName":"FxPanel keeps the refresh action disabled while loading","status":"passed","title":"keeps the refresh action disabled while loading","duration":10.215429000000086,"failureMessages":[],"meta":{},"tags":[]}],"startTime":1789997611264,"endTime":1789997611568.2153,"status":"passed","message":"","name":"/Users/zhoulin/.codex/worktrees/ccc5/TradeReview/app/components/data-management/fx-panel.test.tsx"},{"assertionResults":[{"ancestorTitles":["QualityDetails"],"fullName":"QualityDetails shows independent denominators, impact, time, and the action for each dimension","status":"passed","title":"shows independent denominators, impact, time, and the action for each dimension","duration":343.69755499999997,"failureMessages":[],"meta":{},"tags":[]},{"ancestorTitles":["QualityDetails"],"fullName":"QualityDetails uses the management action for supplement and unsupported-source cases","status":"passed","title":"uses the management action for supplement and unsupported-source cases","duration":47.350412000000006,"failureMessages":[],"meta":{},"tags":[]},{"ancestorTitles":["QualityDetails"],"fullName":"QualityDetails uses the scoped data check for instrument-specific supplement and source diagnostics","status":"passed","title":"uses the scoped data check for instrument-specific supplement and source diagnostics","duration":47.843601000000035,"failureMessages":[],"meta":{},"tags":[]},{"ancestorTitles":["QualityDetails"],"fullName":"QualityDetails disables an issue retry while its async callback is pending","status":"passed","title":"disables an issue retry while its async callback is pending","duration":63.614509,"failureMessages":[],"meta":{},"tags":[]},{"ancestorTitles":["QualityDetails"],"fullName":"QualityDetails shows failure feedback when a dimension retry rejects","status":"passed","title":"shows failure feedback when a dimension retry rejects","duration":47.40942699999982,"failureMessages":[],"meta":{},"tags":[]}],"startTime":1789997593869,"endTime":1789997594419.4094,"status":"passed","message":"","name":"/Users/zhoulin/.codex/worktrees/ccc5/TradeReview/app/components/data-management/quality-details.test.tsx"},{"assertionResults":[{"ancestorTitles":["ReviewDashboard"],"fullName":"ReviewDashboard publishes the current scoped quality model after building it","status":"passed","title":"publishes the current scoped quality model after building it","duration":215.94923100000005,"failureMessages":[],"meta":{},"tags":[]},{"ancestorTitles":["ReviewDashboard"],"fullName":"ReviewDashboard forwards market-data diagnostics to holdings and its quality model","status":"passed","title":"forwards market-data diagnostics to holdings and its quality model","duration":367.20517800000016,"failureMessages":[],"meta":{},"tags":[]},{"ancestorTitles":["ReviewDashboard"],"fullName":"ReviewDashboard forwards an async holdings retry through the dashboard callback","status":"passed","title":"forwards an async holdings retry through the dashboard callback","duration":178.58854699999983,"failureMessages":[],"meta":{},"tags":[]},{"ancestorTitles":["ReviewDashboard"],"fullName":"ReviewDashboard starts with live, all categories and the current natural month","status":"passed","title":"starts with live, all categories and the current natural month","duration":210.8899419999998,"failureMessages":[],"meta":{},"tags":[]},{"ancestorTitles":["ReviewDashboard"],"fullName":"ReviewDashboard puts nature controls beside the scope heading and exposes a holdings focus action","status":"passed","title":"puts nature controls beside the scope heading and exposes a holdings focus action","duration":101.49133799999981,"failureMessages":[],"meta":{},"tags":[]},{"ancestorTitles":["ReviewDashboard"],"fullName":"ReviewDashboard keeps the summary and trend inside one visual performance block","status":"passed","title":"keeps the summary and trend inside one visual performance block","duration":60.54975500000046,"failureMessages":[],"meta":{},"tags":[]},{"ancestorTitles":["ReviewDashboard"],"fullName":"ReviewDashboard keeps full PnL context behind a compact keyboard-accessible disclosure","status":"passed","title":"keeps full PnL context behind a compact keyboard-accessible disclosure","duration":82.04961299999923,"failureMessages":[],"meta":{},"tags":[]},{"ancestorTitles":["ReviewDashboard"],"fullName":"ReviewDashboard labels a pure CNY summary as original currency instead of an FX conversion","status":"passed","title":"labels a pure CNY summary as original currency instead of an FX conversion","duration":123.9718869999997,"failureMessages":[],"meta":{},"tags":[]},{"ancestorTitles":["ReviewDashboard"],"fullName":"ReviewDashboard labels the primary category filter as market category without offering unknown as a choice","status":"passed","title":"labels the primary category filter as market category without offering unknown as a choice","duration":94.33561399999962,"failureMessages":[],"meta":{},"tags":[]},{"ancestorTitles":["ReviewDashboard"],"fullName":"ReviewDashboard opens, applies, cancels and validates a custom period in place","status":"passed","title":"opens, applies, cancels and validates a custom period in place","duration":378.7491739999996,"failureMessages":[],"meta":{},"tags":[]},{"ancestorTitles":["ReviewDashboard"],"fullName":"ReviewDashboard keeps original currency subtotals beside the converted summary","status":"passed","title":"keeps original currency subtotals beside the converted summary","duration":80.87519400000019,"failureMessages":[],"meta":{},"tags":[]},{"ancestorTitles":["ReviewDashboard"],"fullName":"ReviewDashboard uses the same scope when switching category and period","status":"passed","title":"uses the same scope when switching category and period","duration":224.17354700000033,"failureMessages":[],"meta":{},"tags":[]},{"ancestorTitles":["ReviewDashboard"],"fullName":"ReviewDashboard requires a simulation run and never combines runs","status":"passed","title":"requires a simulation run and never combines runs","duration":229.22991000000002,"failureMessages":[],"meta":{},"tags":[]},{"ancestorTitles":["ReviewDashboard"],"fullName":"ReviewDashboard keeps account, symbol and review filters inside the collapsed advanced scope","status":"passed","title":"keeps account, symbol and review filters inside the collapsed advanced scope","duration":268.92561900000055,"failureMessages":[],"meta":{},"tags":[]},{"ancestorTitles":["ReviewDashboard"],"fullName":"ReviewDashboard keeps the last valid scope when a custom date draft is invalid","status":"passed","title":"keeps the last valid scope when a custom date draft is invalid","duration":112.789041,"failureMessages":[],"meta":{},"tags":[]},{"ancestorTitles":["ReviewDashboard"],"fullName":"ReviewDashboard opens a calendar episode using the unified room rows and compatible callback","status":"passed","title":"opens a calendar episode using the unified room rows and compatible callback","duration":178.63975299999947,"failureMessages":[],"meta":{},"tags":[]},{"ancestorTitles":["ReviewDashboard"],"fullName":"ReviewDashboard distinguishes empty data from an empty scoped period","status":"passed","title":"distinguishes empty data from an empty scoped period","duration":44.570464999999786,"failureMessages":[],"meta":{},"tags":[]},{"ancestorTitles":["ReviewDashboard"],"fullName":"ReviewDashboard clears a calendar drilldown and returns to the new scope after a top-level period change","status":"passed","title":"clears a calendar drilldown and returns to the new scope after a top-level period change","duration":212.24703200000022,"failureMessages":[],"meta":{},"tags":[]},{"ancestorTitles":["ReviewDashboard"],"fullName":"ReviewDashboard does not open the custom editor after calendar period drilldown","status":"passed","title":"does not open the custom editor after calendar period drilldown","duration":303.61589899999944,"failureMessages":[],"meta":{},"tags":[]},{"ancestorTitles":["ReviewDashboard"],"fullName":"ReviewDashboard keeps diagnostics and principal configuration out of the homepage","status":"passed","title":"keeps diagnostics and principal configuration out of the homepage","duration":46.90890599999966,"failureMessages":[],"meta":{},"tags":[]}],"startTime":1789997572024,"endTime":1789997575540.909,"status":"passed","message":"","name":"/Users/zhoulin/.codex/worktrees/ccc5/TradeReview/app/components/dashboard/review-dashboard.test.tsx"},{"assertionResults":[{"ancestorTitles":["RoomDataQuality"],"fullName":"RoomDataQuality keeps four dimensions visible and routes retry with its scoped ids","status":"passed","title":"keeps four dimensions visible and routes retry with its scoped ids","duration":234.61933399999998,"failureMessages":[],"meta":{},"tags":[]},{"ancestorTitles":["RoomDataQuality"],"fullName":"RoomDataQuality routes source and evidence actions without exposing account ids","status":"passed","title":"routes source and evidence actions without exposing account ids","duration":56.702408000000105,"failureMessages":[],"meta":{},"tags":[]}],"startTime":1789997612523,"endTime":1789997612814.7024,"status":"passed","message":"","name":"/Users/zhoulin/.codex/worktrees/ccc5/TradeReview/app/components/dashboard/room-data-quality.test.tsx"},{"assertionResults":[{"ancestorTitles":["RoomHoldingsPanel"],"fullName":"RoomHoldingsPanel shows holding status and opens the exact episode","status":"passed","title":"shows holding status and opens the exact episode","duration":288.91383799999994,"failureMessages":[],"meta":{},"tags":[]},{"ancestorTitles":["RoomHoldingsPanel"],"fullName":"RoomHoldingsPanel shows fractional holding quantities to two decimal places without changing the model value","status":"passed","title":"shows fractional holding quantities to two decimal places without changing the model value","duration":16.97505799999999,"failureMessages":[],"meta":{},"tags":[]},{"ancestorTitles":["RoomHoldingsPanel"],"fullName":"RoomHoldingsPanel explains missing quote without inventing a current price or PnL","status":"passed","title":"explains missing quote without inventing a current price or PnL","duration":15.534748000000036,"failureMessages":[],"meta":{},"tags":[]},{"ancestorTitles":["RoomHoldingsPanel"],"fullName":"RoomHoldingsPanel labels a short position and exposes the existing data check action","status":"passed","title":"labels a short position and exposes the existing data check action","duration":35.00103100000001,"failureMessages":[],"meta":{},"tags":[]},{"ancestorTitles":["RoomHoldingsPanel"],"fullName":"RoomHoldingsPanel offers a quote retry for stale holdings","status":"passed","title":"offers a quote retry for stale holdings","duration":35.34610199999997,"failureMessages":[],"meta":{},"tags":[]},{"ancestorTitles":["RoomHoldingsPanel"],"fullName":"RoomHoldingsPanel keeps a negative import difference as evidence-to-check and does not show cost or PnL","status":"passed","title":"keeps a negative import difference as evidence-to-check and does not show cost or PnL","duration":11.75542600000017,"failureMessages":[],"meta":{},"tags":[]},{"ancestorTitles":["RoomHoldingsPanel"],"fullName":"RoomHoldingsPanel shows quote retry in progress and success only after the row becomes available","status":"passed","title":"shows quote retry in progress and success only after the row becomes available","duration":56.53895700000021,"failureMessages":[],"meta":{},"tags":[]},{"ancestorTitles":["RoomHoldingsPanel"],"fullName":"RoomHoldingsPanel reports a rejected quote retry as a failure","status":"passed","title":"reports a rejected quote retry as a failure","duration":37.35682900000006,"failureMessages":[],"meta":{},"tags":[]},{"ancestorTitles":["RoomHoldingsPanel"],"fullName":"RoomHoldingsPanel puts quote date, source, and fetch time behind an expandable details control","status":"passed","title":"puts quote date, source, and fetch time behind an expandable details control","duration":20.346543999999994,"failureMessages":[],"meta":{},"tags":[]},{"ancestorTitles":["RoomHoldingsPanel"],"fullName":"RoomHoldingsPanel disambiguates colliding account labels without exposing account IDs","status":"passed","title":"disambiguates colliding account labels without exposing account IDs","duration":16.80610499999989,"failureMessages":[],"meta":{},"tags":[]}],"startTime":1789997598280,"endTime":1789997598814.8062,"status":"passed","message":"","name":"/Users/zhoulin/.codex/worktrees/ccc5/TradeReview/app/components/dashboard/room-holdings.test.tsx"},{"assertionResults":[{"ancestorTitles":["room performance chart geometry"],"fullName":"room performance chart geometry preserves null gaps instead of drawing a segment through missing values","status":"passed","title":"preserves null gaps instead of drawing a segment through missing values","duration":3.555932999999868,"failureMessages":[],"meta":{},"tags":[]},{"ancestorTitles":["room performance chart geometry"],"fullName":"room performance chart geometry keeps point coordinates indexed so null values cannot shift details","status":"passed","title":"keeps point coordinates indexed so null values cannot shift details","duration":2.36301299999991,"failureMessages":[],"meta":{},"tags":[]},{"ancestorTitles":["room performance chart geometry"],"fullName":"room performance chart geometry can sample fewer axis labels for narrow chart widths","status":"passed","title":"can sample fewer axis labels for narrow chart widths","duration":1.9438219999999546,"failureMessages":[],"meta":{},"tags":[]}],"startTime":1789997714269,"endTime":1789997714276.9438,"status":"passed","message":"","name":"/Users/zhoulin/.codex/worktrees/ccc5/TradeReview/app/components/dashboard/room-performance-chart.test.ts"},{"assertionResults":[{"ancestorTitles":["RoomPerformance"],"fullName":"RoomPerformance starts on the cumulative trend and keeps a visible zero ba
[...]
66000000066,"failureMessages":[],"meta":{},"tags":[]},{"ancestorTitles":["provider response parsers"],"fullName":"provider response parsers treats Baidu zero-volume bars as valid candles","status":"passed","title":"treats Baidu zero-volume bars as valid candles","duration":2.401204000000007,"failureMessages":[],"meta":{},"tags":[]},{"ancestorTitles":["provider response parsers"],"fullName":"provider response parsers parses Baidu daily rows","status":"passed","title":"parses Baidu daily rows","duration":0.39060399999993933,"failureMessages":[],"meta":{},"tags":[]},{"ancestorTitles":["provider routing"],"fullName":"provider routing tries Tencent before other public sources for HK hourly history","status":"passed","title":"tries Tencent before other public sources for HK hourly history","duration":10.706927999999834,"failureMessages":[],"meta":{},"tags":[]},{"ancestorTitles":["provider routing"],"fullName":"provider routing uses the first Tencent US symbol candidate that returns candles","status":"passed","title":"uses the first Tencent US symbol candidate that returns candles","duration":5.854849000000058,"failureMessages":[],"meta":{},"tags":[]},{"ancestorTitles":["provider routing"],"fullName":"provider routing falls back to Eastmoney when Tencent is unavailable for A shares","status":"passed","title":"falls back to Eastmoney when Tencent is unavailable for A shares","duration":1.1560150000000249,"failureMessages":[],"meta":{},"tags":[]},{"ancestorTitles":["provider routing"],"fullName":"provider routing preserves rate-limit semantics when every eligible source is throttled","status":"passed","title":"preserves rate-limit semantics when every eligible source is throttled","duration":1.7992229999999836,"failureMessages":[],"meta":{},"tags":[]},{"ancestorTitles":["provider routing"],"fullName":"provider routing reports an unavailable fallback source instead of masking it as forbidden","status":"passed","title":"reports an unavailable fallback source instead of masking it as forbidden","duration":3.9447720000000572,"failureMessages":[],"meta":{},"tags":[]},{"ancestorTitles":["provider routing"],"fullName":"provider routing uses a public Eastmoney source before Yahoo for hourly candles","status":"passed","title":"uses a public Eastmoney source before Yahoo for hourly candles","duration":2.3700770000000375,"failureMessages":[],"meta":{},"tags":[]},{"ancestorTitles":["provider routing"],"fullName":"provider routing falls back to Baidu for HK hourly candles when legacy sources lack history","status":"passed","title":"falls back to Baidu for HK hourly candles when legacy sources lack history","duration":4.928801000000021,"failureMessages":[],"meta":{},"tags":[]},{"ancestorTitles":["provider routing"],"fullName":"provider routing falls back to Sina for US hourly candles outside Eastmoney history","status":"passed","title":"falls back to Sina for US hourly candles outside Eastmoney history","duration":2.7787020000000666,"failureMessages":[],"meta":{},"tags":[]},{"ancestorTitles":["provider routing"],"fullName":"provider routing falls through a sparse hourly provider response before accepting the last source","status":"passed","title":"falls through a sparse hourly provider response before accepting the last source","duration":9.18566799999985,"failureMessages":[],"meta":{},"tags":[]},{"ancestorTitles":["provider routing"],"fullName":"provider routing tries Tiger before public providers for US daily when configured","status":"passed","title":"tries Tiger before public providers for US daily when configured","duration":690.552226,"failureMessages":[],"meta":{},"tags":[]},{"ancestorTitles":["provider routing"],"fullName":"provider routing tries Tiger before public providers for HK hourly when configured","status":"passed","title":"tries Tiger before public providers for HK hourly when configured","duration":0.5888370000002396,"failureMessages":[],"meta":{},"tags":[]},{"ancestorTitles":["provider routing"],"fullName":"provider routing falls back to public providers after a Tiger error","status":"passed","title":"falls back to public providers after a Tiger error","duration":2.192957000000206,"failureMessages":[],"meta":{},"tags":[]},{"ancestorTitles":["provider routing"],"fullName":"provider routing never calls Tiger for CN requests even when configured","status":"passed","title":"never calls Tiger for CN requests even when configured","duration":1.8146130000000085,"failureMessages":[],"meta":{},"tags":[]},{"ancestorTitles":["provider routing"],"fullName":"provider routing falls through a sparse Tiger hourly result to a fuller public provider","status":"passed","title":"falls through a sparse Tiger hourly result to a fuller public provider","duration":5.038511000000199,"failureMessages":[],"meta":{},"tags":[]},{"ancestorTitles":["provider routing"],"fullName":"provider routing does not return an empty Tiger result after every public fallback fails","status":"passed","title":"does not return an empty Tiger result after every public fallback fails","duration":1.7648479999998017,"failureMessages":[],"meta":{},"tags":[]},{"ancestorTitles":["provider routing"],"fullName":"provider routing uses Tencent native hourly candles for mainland stocks before Eastmoney","status":"passed","title":"uses Tencent native hourly candles for mainland stocks before Eastmoney","duration":1.3202280000000428,"failureMessages":[],"meta":{},"tags":[]},{"ancestorTitles":["provider routing"],"fullName":"provider routing falls back to Eastmoney for 15 minute A-share candles when Tencent is unavailable","status":"passed","title":"falls back to Eastmoney for 15 minute A-share candles when Tencent is unavailable","duration":1.6001550000000861,"failureMessages":[],"meta":{},"tags":[]},{"ancestorTitles":["provider routing"],"fullName":"provider routing uses Eastmoney for 'HK' 15 minute candles","status":"passed","title":"uses Eastmoney for 'HK' 15 minute candles","duration":1.6725509999996575,"failureMessages":[],"meta":{},"tags":[]},{"ancestorTitles":["provider routing"],"fullName":"provider routing uses Eastmoney for 'US' 15 minute candles","status":"passed","title":"uses Eastmoney for 'US' 15 minute candles","duration":1.5942519999998694,"failureMessages":[],"meta":{},"tags":[]},{"ancestorTitles":["provider routing"],"fullName":"provider routing falls back to Yahoo 15 minute candles for 'US'","status":"passed","title":"falls back to Yahoo 15 minute candles for 'US'","duration":1.8106980000002295,"failureMessages":[],"meta":{},"tags":[]},{"ancestorTitles":["provider routing"],"fullName":"provider routing falls back to Yahoo 15 minute candles for 'HK'","status":"passed","title":"falls back to Yahoo 15 minute candles for 'HK'","duration":3.1209020000001146,"failureMessages":[],"meta":{},"tags":[]},{"ancestorTitles":["provider routing"],"fullName":"provider routing preserves history-limit semantics when every eligible 15 minute source lacks the range","status":"passed","title":"preserves history-limit semantics when every eligible 15 minute source lacks the range","duration":2.817609000000175,"failureMessages":[],"meta":{},"tags":[]},{"ancestorTitles":["intraday provider requests"],"fullName":"intraday provider requests requests Baidu 15 minute data and returns session-aligned hourly candles","status":"passed","title":"requests Baidu 15 minute data and returns session-aligned hourly candles","duration":3.6575199999997494,"failureMessages":[],"meta":{},"tags":[]},{"ancestorTitles":["intraday provider requests"],"fullName":"intraday provider requests requests public native hourly candles from Sina for US stocks","status":"passed","title":"requests public native hourly candles from Sina for US stocks","duration":0.9609529999997903,"failureMessages":[],"meta":{},"tags":[]},{"ancestorTitles":["intraday provider requests"],"fullName":"intraday provider requests asks Yahoo for native hourly candles and maps mainland symbols","status":"passed","title":"asks Yahoo for native hourly candles and maps mainland symbols","duration":0.8417859999999564,"failureMessages":[],"meta":{},"tags":[]},{"ancestorTitles":["intraday provider requests"],"fullName":"intraday provider requests falls back to Yahoo's second public chart host after rate limiting","status":"passed","title":"falls back to Yahoo's second public chart host after rate limiting","duration":0.7757790000000568,"failureMessages":[],"meta":{},"tags":[]},{"ancestorTitles":["intraday provider requests"],"fullName":"intraday provider requests classifies an empty Yahoo chart result as no-data","status":"passed","title":"classifies an empty Yahoo chart result as no-data","duration":0.582683999999972,"failureMessages":[],"meta":{},"tags":[]},{"ancestorTitles":["intraday provider requests"],"fullName":"intraday provider requests asks Tencent for HK market-open bounds in Hong Kong local time","status":"passed","title":"asks Tencent for HK market-open bounds in Hong Kong local time","duration":1.8321369999998751,"failureMessages":[],"meta":{},"tags":[]},{"ancestorTitles":["intraday provider requests"],"fullName":"intraday provider requests asks Eastmoney for local bounds across the Shanghai date boundary","status":"passed","title":"asks Eastmoney for local bounds across the Shanghai date boundary","duration":3.2925759999998263,"failureMessages":[],"meta":{},"tags":[]},{"ancestorTitles":["intraday provider requests"],"fullName":"intraday provider requests requests native hourly candles from Eastmoney for HK stocks","status":"passed","title":"requests native hourly candles from Eastmoney for HK stocks","duration":2.660396999999648,"failureMessages":[],"meta":{},"tags":[]},{"ancestorTitles":["intraday provider requests"],"fullName":"intraday provider requests requests Tencent native m60 candles for mainland stocks","status":"passed","title":"requests Tencent native m60 candles for mainland stocks","duration":1.4991710000003877,"failureMessages":[],"meta":{},"tags":[]},{"ancestorTitles":["intraday provider requests"],"fullName":"intraday provider requests treats Tencent unsupported-market mkline errors as no-data","status":"passed","title":"treats Tencent unsupported-market mkline errors as no-data","duration":1.4173110000001543,"failureMessages":[],"meta":{},"tags":[]},{"ancestorTitles":["intraday provider requests"],"fullName":"intraday provider requests does not hide a Tencent parameter contract error as no-data","status":"passed","title":"does not hide a Tencent parameter contract error as no-data","duration":1.02245400000038,"failureMessages":[],"meta":{},"tags":[]},{"ancestorTitles":["intraday provider requests"],"fullName":"intraday provider requests classifies Eastmoney's explicit rc=0 data=null envelope as no-data","status":"passed","title":"classifies Eastmoney's explicit rc=0 data=null envelope as no-data","duration":1.351126000000022,"failureMessages":[],"meta":{},"tags":[]},{"ancestorTitles":["intraday provider requests"],"fullName":"intraday provider requests keeps Eastmoney missing rc envelopes as invalid responses","status":"passed","title":"keeps Eastmoney missing rc envelopes as invalid responses","duration":0.5560129999998935,"failureMessages":[],"meta":{},"tags":[]},{"ancestorTitles":["intraday provider requests"],"fullName":"intraday provider requests keeps Eastmoney non-zero rc envelopes as invalid responses","status":"passed","title":"keeps Eastmoney non-zero rc envelopes as invalid responses","duration":0.3820869999999559,"failureMessages":[],"meta":{},"tags":[]},{"ancestorTitles":["intraday provider requests"],"fullName":"intraday provider requests keeps Eastmoney missing data envelopes as invalid responses","status":"passed","title":"keeps Eastmoney missing data envelopes as invalid responses","duration":0.28292599999986123,"failureMessages":[],"meta":{},"tags":[]},{"ancestorTitles":["intraday provider requests"],"fullName":"intraday provider requests marks a Tencent 500-row intraday response as truncated","status":"passed","title":"marks a Tencent 500-row intraday response as truncated","duration":158.65427799999998,"failureMessages":[],"meta":{},"tags":[]},{"ancestorTitles":["intraday provider requests"],"fullName":"intraday provider requests rejects an Eastmoney response carrying a different instrument code","status":"passed","title":"rejects an Eastmoney response carrying a different instrument code","duration":1.6920719999998255,"failureMessages":[],"meta":{},"tags":[]},{"ancestorTitles":["intraday provider requests"],"fullName":"intraday provider requests rejects a Yahoo response carrying a different provider symbol","status":"passed","title":"rejects a Yahoo response carrying a different provider symbol","duration":0.463640999999825,"failureMessages":[],"meta":{},"tags":[]},{"ancestorTitles":["intraday provider requests"],"fullName":"intraday provider requests rejects Tencent candles with an empty price as invalid responses","status":"passed","title":"rejects Tencent candles with an empty price as invalid responses","duration":1.1153810000000703,"failureMessages":[],"meta":{},"tags":[]},{"ancestorTitles":["intraday provider requests"],"fullName":"intraday provider requests rejects Tencent candles with a nonnumeric close as invalid responses","status":"passed","title":"rejects Tencent candles with a nonnumeric close as invalid responses","duration":1.3889779999999519,"failureMessages":[],"meta":{},"tags":[]},{"ancestorTitles":["intraday provider requests"],"fullName":"intraday provider requests rejects Tencent candles with a non-finite high as invalid responses","status":"passed","title":"rejects Tencent candles with a non-finite high as invalid responses","duration":1.1604839999999967,"failureMessages":[],"meta":{},"tags":[]},{"ancestorTitles":["intraday provider requests"],"fullName":"intraday provider requests rejects Tencent candles with an invalid OHLC range as invalid responses","status":"passed","title":"rejects Tencent candles with an invalid OHLC range as invalid responses","duration":0.9594950000000608,"failureMessages":[],"meta":{},"tags":[]},{"ancestorTitles":["intraday provider requests"],"fullName":"intraday provider requests rejects Eastmoney candles with a nonnumeric open as invalid responses","status":"passed","title":"rejects Eastmoney candles with a nonnumeric open as invalid responses","duration":1.7356629999999313,"failureMessages":[],"meta":{},"tags":[]},{"ancestorTitles":["intraday provider requests"],"fullName":"intraday provider requests rejects Eastmoney candles with a non-finite volume as invalid responses","status":"passed","title":"rejects Eastmoney candles with a non-finite volume as invalid responses","duration":1.0159269999999196,"failureMessages":[],"meta":{},"tags":[]},{"ancestorTitles":["intraday provider requests"],"fullName":"intraday provider requests rejects Eastmoney candles with an invalid OHLC range as invalid responses","status":"passed","title":"rejects Eastmoney candles with an invalid OHLC range as invalid responses","duration":0.9963189999998576,"failureMessages":[],"meta":{},"tags":[]},{"ancestorTitles":["daily provider requests"],"fullName":"daily provider requests requests Baidu daily data for HK symbols","status":"passed","title":"requests Baidu daily data for HK symbols","duration":1.2618109999998524,"failureMessages":[],"meta":{},"tags":[]}],"startTime":1789997590033,"endTime":1789997591007.2617,"status":"passed","message":"","name":"/Users/zhoulin/.codex/worktrees/ccc5/TradeReview/app/lib/market/providers/providers.test.ts"},{"assertionResults":[{"ancestorTitles":["Tiger provider"],"fullName":"Tiger provider includes the requested final session when Tiger excludes its end date","status":"passed","title":"includes the requested final session when Tiger excludes its end date","duration":4.792468000000099,"failureMessages":[],"meta":{},"tags":[]},{"ancestorTitles":["Tiger provider"],"fullName":"Tiger provider passes the detected config path to the Tiger runner","status":"passed","title":"passes the detected config path to the Tiger runner","duration":0.6939469999999801,"failureMessages":[],"meta":{},"tags":[]},{"ancestorTitles":["Tiger provider"],"fullName":"Tiger provider parses Tiger daily bars into provider candles","status":"passed","title":"parses Tiger daily bars into provider candles","duration":1.8421719999998913,"failureMessages":[],"meta":{},"tags":[]},{"ancestorTitles":["Tiger provider"],"fullName":"Tiger provider normalizes HK symbols to Tiger's raw five-digit contract code","status":"passed","title":"normalizes HK symbols to Tiger's raw five-digit contract code","duration":0.8839299999999639,"failureMessages":[],"meta":{},"tags":[]},{"ancestorTitles":["Tiger provider"],"fullName":"Tiger provider normalizes four-digit HK symbols to Tiger's raw five-digit contract code","status":"passed","title":"normalizes four-digit HK symbols to Tiger's raw five-digit contract code","duration":0.5003810000000612,"failureMessages":[],"meta":{},"tags":[]},{"ancestorTitles":["Tiger provider"],"fullName":"Tiger provider interprets HK daily bar times in the Hong Kong trading day","status":"passed","title":"interprets HK daily bar times in the Hong Kong trading day","duration":0.5085919999999078,"failureMessages":[],"meta":{},"tags":[]},{"ancestorTitles":["Tiger provider"],"fullName":"Tiger provider maps 1h requests to Tiger 60min bars with UTC millisecond boundaries","status":"passed","title":"maps 1h requests to Tiger 60min bars with UTC millisecond boundaries","duration":0.7201259999999365,"failureMessages":[],"meta":{},"tags":[]},{"ancestorTitles":["Tiger provider"],"fullName":"Tiger provider rejects 15m requests instead of silently remapping them","status":"passed","title":"rejects 15m requests instead of silently remapping them","duration":1.9983149999998204,"failureMessages":[],"meta":{},"tags":[]},{"ancestorTitles":["Tiger provider"],"fullName":"Tiger provider rejects unsupported CN markets","status":"passed","title":"rejects unsupported CN markets","duration":0.4409469999998237,"failureMessages":[],"meta":{},"tags":[]},{"ancestorTitles":["Tiger provider"],"fullName":"Tiger provider keeps an empty bar response safe for router fallback","status":"passed","title":"keeps an empty bar response safe for router fallback","duration":0.40480200000001787,"failureMessages":[],"meta":{},"tags":[]},{"ancestorTitles":["parseTigerBars"],"fullName":"parseTigerBars rejects null numeric fields","status":"passed","title":"rejects null numeric fields","duration":1.1895070000000487,"failureMessages":[],"meta":{},"tags":[]},{"ancestorTitles":["parseTigerBars"],"fullName":"parseTigerBars rejects invalid timestamps","status":"passed","title":"rejects invalid timestamps","duration":0.2740750000000389,"failureMessages":[],"meta":{},"tags":[]},{"ancestorTitles":["parseTigerBars"],"fullName":"parseTigerBars rejects a bar for a different contract","status":"passed","title":"rejects a bar for a different contract","duration":0.22474499999998443,"failureMessages":[],"meta":{},"tags":[]}],"startTime":1789997691382,"endTime":1789997691397.2742,"status":"passed","message":"","name":"/Users/zhoulin/.codex/worktrees/ccc5/TradeReview/app/lib/market/providers/tiger.test.ts"},{"assertionResults":[{"ancestorTitles":["Yahoo provider"],"fullName":"Yahoo provider keeps in-range 518880.SS hourly bars from a response with an extra quote","status":"passed","title":"keeps in-range 518880.SS hourly bars from a response with an extra quote","duration":13.052128000000039,"failureMessages":[],"meta":{},"tags":[]},{"ancestorTitles":["Yahoo provider"],"fullName":"Yahoo provider classifies Yahoo's explicit 730-day hourly limit as provider-history-limit","status":"passed","title":"classifies Yahoo's explicit 730-day hourly limit as provider-history-limit","duration":4.030888999999888,"failureMessages":[],"meta":{},"tags":[]}],"startTime":1789997689972,"endTime":1789997689989.031,"status":"passed","message":"","name":"/Users/zhoulin/.codex/worktrees/ccc5/TradeReview/app/lib/market/providers/yahoo.test.ts"}]}